<?xml version="1.0" encoding="UTF-8"?>
<!-- Generated by org.testng.reporters.JUnitReportReporter -->
<testsuite hostname="DESKTOP-CVK78J7" name="Test.TestAPI" tests="2" failures="0" timestamp="18 May 2021 05:26:04 GMT" time="1.458" errors="0">
  <testcase name="addNewCustomer" time="0.747" classname="Test.TestAPI"/>
  <testcase name="getAdminUserDetails" time="0.711" classname="Test.TestAPI"/>
</testsuite> <!-- Test.TestAPI -->
